06/07/2020 18:36:30 [DEBUG] Refreshing group 'default' for new custom placeholder 'fbasics_enderpearl_cooldown'
06/07/2020 18:36:21 [DEBUG] Loaded placeholder: CustomPlaceholders
06/07/2020 18:36:21 [INFO] Fetching available placeholders from server ...
06/07/2020 18:36:22 [DEBUG] Loading placeholder [CommandPlaceholderPack] ...
06/07/2020 18:36:23 [DEBUG] Loading event hook: Vanilla player first join ...
06/07/2020 18:36:23 [DEBUG] Loading event hook: Vanilla Create portal hook ...
06/07/2020 18:36:23 [DEBUG] Loaded placeholder: libsdisguises
06/07/2020 18:36:22 [DEBUG] Loading event hook: ChatReaction start event ...
06/07/2020 18:36:22 [DEBUG] Loaded placeholder: color
06/07/2020 18:36:23 [DEBUG] Loaded placeholder: tickspersecond
06/07/2020 18:36:23 [DEBUG] Loading placeholder [Unicode Characters] ...
06/07/2020 18:36:23 [DEBUG] Loading placeholder [TicksPerSecond] ...
06/07/2020 18:36:23 [DEBUG] Loading event hook: Vanilla Combat hook ...
06/07/2020 18:36:23 [DEBUG] Loading event hook: Vanilla Block break hook ...
06/07/2020 18:36:22 [DEBUG] Loading placeholder [Facebook] ...
06/07/2020 18:36:23 [DEBUG] Loaded placeholder: statistics
06/07/2020 18:36:23 [DEBUG] Loading event hook: Vanilla player rejoin ...
06/07/2020 18:36:23 [DEBUG] Loaded placeholder: world
06/07/2020 18:36:23 [DEBUG] Loading placeholder [World] ...
06/07/2020 18:36:23 [DEBUG] Loading event hook: World change ...
06/07/2020 18:36:23 [DEBUG] Loading event hook: Vanilla player join ...
06/07/2020 18:36:24 [DEBUG] Loaded placeholder: mcmmo
06/07/2020 18:36:23 [DEBUG] Loading placeholder [LeaderHeads] ...
06/07/2020 18:36:23 [DEBUG] Loading placeholder [Geographical] ...
06/07/2020 18:36:23 [DEBUG] Loaded placeholder: hotbar
06/07/2020 18:36:22 [DEBUG] Loaded placeholder: economy
06/07/2020 18:36:25 [DEBUG] 	Adding sub command 'gui'
06/07/2020 18:36:24 [DEBUG] 	Line: moneytimesplayed-label Static: false
06/07/2020 18:36:23 [DEBUG] Loading placeholder [JavaInfo] ...
06/07/2020 18:36:23 [DEBUG] Loading placeholder [Statistics] ...
06/07/2020 18:36:22 [DEBUG] Loaded placeholder: playereffects
06/07/2020 18:36:24 [DEBUG] 	Line: spacer-money Static: false
06/07/2020 18:36:23 [DEBUG] Loading placeholder [Factions 1.8] ...
06/07/2020 18:36:25 [DEBUG] 	Adding sub command 'help'
06/07/2020 18:36:23 [DEBUG] Loading placeholder [WorldGuard] ...
06/07/2020 18:36:22 [DEBUG] Loading placeholder [Effects] ...
06/07/2020 18:36:23 [DEBUG] Loading placeholder [Multiverse-Core] ...
06/07/2020 18:36:25 [DEBUG] 	Adding sub command 'reload'
06/07/2020 18:36:22 [DEBUG] Loading placeholder [DeluxeTags] ...
06/07/2020 18:36:23 [DEBUG] Loaded placeholder: leaderheads
06/07/2020 18:36:22 [DEBUG] Loading placeholder [Entities] ...
06/07/2020 18:36:22 [DEBUG] Loaded placeholder: bukkit
06/07/2020 18:36:22 [DEBUG] Loading placeholder [Economy] ...
06/07/2020 18:36:22 [DEBUG] Loading placeholder [Bukkit] ...
06/07/2020 18:36:23 [DEBUG] Loaded placeholder: serverpinger
06/07/2020 18:36:23 [DEBUG] Loading placeholder [Memory] ...
06/07/2020 18:36:20 [INFO] Loading messages ...
06/07/2020 18:36:22 [DEBUG] Loaded placeholder: armor
06/07/2020 18:36:23 [DEBUG] Loaded placeholder: permissions
06/07/2020 18:36:21 [INFO] Loading placeholders and event triggers ...
06/07/2020 18:36:22 [DEBUG] Loading placeholder [Color] ...
06/07/2020 18:36:24 [INFO] Checking for placeholder updates ...
06/07/2020 18:36:23 [DEBUG] Loaded placeholder: firework
06/07/2020 18:36:23 [DEBUG] Loaded placeholder: factions1_6
06/07/2020 18:36:23 [DEBUG] Loading placeholder [Permissions] ...
06/07/2020 18:36:22 [DEBUG] Loading placeholder [ChatReaction] ...
06/07/2020 18:36:22 [DEBUG] Loading placeholder [BungeeCord] ...
06/07/2020 18:36:22 [DEBUG] Loaded placeholder: essentials
06/07/2020 18:36:23 [DEBUG] Loading placeholder [Player] ...
06/07/2020 18:36:21 [DEBUG] Loaded placeholder: MySQL
06/07/2020 18:36:25 [DEBUG] 	Adding sub command 'reload'
06/07/2020 18:36:22 [DEBUG] Loading placeholder [Essentials] ...
06/07/2020 18:36:24 [INFO] Loading custom effect 'example1' ...
06/07/2020 18:36:23 [DEBUG] Loading placeholder [WorldBorder] ...
06/07/2020 18:36:23 [DEBUG] Loading placeholder [Factions] ...
06/07/2020 18:36:24 [INFO] Creating new custom effect: example3
06/07/2020 18:36:23 [DEBUG] Loading placeholder [mcMMO] ...
06/07/2020 18:36:21 [INFO] Fetching modules from server ...
06/07/2020 18:36:25 [DEBUG] 	Adding sub command 'toggle'
06/07/2020 18:36:25 [DEBUG] 	Adding sub command 'permissions'
06/07/2020 18:36:24 [DEBUG] Loading event hook: mcMMO Level up event ...
06/07/2020 18:36:24 [DEBUG] Loading event hook: mcMMO Level down event ...
06/07/2020 18:36:25 [DEBUG] 	Adding sub command 'on'
06/07/2020 18:36:24 [INFO] Added 'PERMISSION' as the default scoreboard assign method
06/07/2020 18:36:24 [DEBUG]  - Server supports Objective entries
06/07/2020 18:36:24 [DEBUG] Loading event hook: mcMMO Level down event ...
06/07/2020 18:36:24 [DEBUG] 	Line: footer Static: true
06/07/2020 18:36:24 [DEBUG] 	Line: moneytimesplayed-label2 Static: true
06/07/2020 18:36:25 [DEBUG] 	Adding sub command 'placeholders'
06/07/2020 18:36:24 [DEBUG] 	Line: connectes-label2 Static: true
06/07/2020 18:36:24 [DEBUG] 	Line: connectes-label Static: false
06/07/2020 18:36:25 [DEBUG] 	Adding sub command 'about'
06/07/2020 18:36:24 [INFO] Loading custom effect 'example3' ...
06/07/2020 18:36:24 [INFO] Creating new custom effect: example1
06/07/2020 18:36:23 [DEBUG] Loaded placeholder: worldborder
06/07/2020 18:36:24 [INFO] Loading custom effect 'example2' ...
06/07/2020 18:36:24 [DEBUG] 	Line: spacer-player Static: true
06/07/2020 18:36:23 [DEBUG] Loading event hook: WorldGuard Region ...
06/07/2020 18:36:24 [MESSAGE] &5[&9FeatherBoard&5] &aYour version is up to date!
06/07/2020 18:36:23 [DEBUG] Loaded placeholder: memory
06/07/2020 18:36:25 [DEBUG] 	Adding sub command 'generatebbcode'
06/07/2020 18:36:24 [DEBUG] 	Line: moneytimesplayed-labele Static: false
06/07/2020 18:36:24 [INFO] Creating new custom effect: example2
06/07/2020 18:36:24 [DEBUG] 	default - 0
06/07/2020 18:36:24 [DEBUG] 	Line: header Static: true
06/07/2020 18:36:23 [DEBUG] Loaded placeholder: facebook
06/07/2020 18:36:23 [DEBUG] Loaded placeholder: worldguard
06/07/2020 18:36:24 [INFO] Using OPTIMAL as the update strategy
06/07/2020 18:36:23 [DEBUG] Loading placeholder [Sound Effects] ...
06/07/2020 18:36:24 [INFO] Loading scoreboard 'default' ...
06/07/2020 18:36:23 [DEBUG] Loading placeholder [ServerPinger] ...
06/07/2020 18:36:23 [DEBUG] Loaded placeholder: skript
06/07/2020 18:36:23 [DEBUG] Loading placeholder [FireworkEffect] ...
06/07/2020 18:36:23 [DEBUG] Loaded placeholder: player
06/07/2020 18:36:24 [DEBUG] Loading event hook: mcMMO Party Level up ...
06/07/2020 18:36:24 [DEBUG] 	Line: player-label Static: true
06/07/2020 18:36:23 [DEBUG] Loading placeholder [LibsDisguises] ...
06/07/2020 18:36:21 [INFO] Checking for module updates ...
06/07/2020 18:36:23 [DEBUG] Loaded placeholder: previousnames
06/07/2020 18:36:22 [DEBUG] Loading placeholder [Compass placeholders] ...
06/07/2020 18:36:22 [DEBUG] Loading placeholder [Armor] ...
06/07/2020 18:36:23 [DEBUG] Loaded placeholder: twitter
06/07/2020 18:36:22 [DEBUG] Loaded placeholder: customlist
06/07/2020 18:36:23 [DEBUG] Loading placeholder [Hotbar] ...
06/07/2020 18:36:23 [DEBUG] Loading event hook: Vanilla Death hook ...
06/07/2020 18:36:22 [DEBUG] Loaded placeholder: bungeecord
06/07/2020 18:36:22 [DEBUG] Loaded placeholder: entities
06/07/2020 18:36:23 [DEBUG] Loaded placeholder: sound
06/07/2020 18:36:22 [DEBUG] Loaded placeholder: compass
06/07/2020 18:36:23 [DEBUG] Loading placeholder [RedisBungee] ...
06/07/2020 18:36:24 [DEBUG] Loading event hook: mcMMO Party Level up ...
06/07/2020 18:36:23 [DEBUG] Loading placeholder [Twitter] ...
06/07/2020 18:36:23 [DEBUG] Loaded placeholder: multiverse
06/07/2020 18:36:23 [DEBUG] Loading placeholder [Previous Names] ...
06/07/2020 18:36:22 [DEBUG] Loaded placeholder: chatreaction
06/07/2020 18:36:23 [DEBUG] Loading placeholder [VanillaEvents] ...
06/07/2020 18:36:25 [INFO] Toggle persistence is disabled!
06/07/2020 18:36:23 [DEBUG] Loading event hook: Vanilla Block place hook ...
06/07/2020 18:36:25 [DEBUG] 	Adding sub command 'off'
06/07/2020 18:36:22 [DEBUG] Loading placeholder [CustomList] ...
06/07/2020 18:36:22 [DEBUG] Loaded placeholder: deluxetags
06/07/2020 18:36:22 [DEBUG] Loaded placeholder: command
06/07/2020 18:36:23 [DEBUG] Loaded placeholder: unicode
06/07/2020 18:36:25 [INFO] Adding command 'featherboard'
06/07/2020 18:36:23 [DEBUG] Loaded placeholder: redisbungee
06/07/2020 18:36:23 [DEBUG] Loaded placeholder: geographical
06/07/2020 18:36:24 [DEBUG] Scoreboards groups sorted by priority:
06/07/2020 18:36:22 [DEBUG] Loading event hook: ChatReaction start event ...
06/07/2020 18:36:23 [DEBUG] Loaded placeholder: factions1_8
06/07/2020 18:36:24 [DEBUG] 	Line: title Static: false
06/07/2020 18:36:21 [INFO] Loading internal placeholders ...
06/07/2020 18:36:23 [DEBUG] Loaded placeholder: vanillaevents
06/07/2020 18:36:24 [DEBUG]  - Server supports Team entries
06/07/2020 18:36:20 [INFO] Loading language file: lang_en
06/07/2020 18:36:24 [DEBUG] 	Line: player Static: false
06/07/2020 18:36:23 [DEBUG] Loading placeholder [Skript] ...
06/07/2020 18:36:23 [DEBUG] Loaded placeholder: java
06/07/2020 18:36:24 [DEBUG] Loading event hook: mcMMO Level up event ...
06/07/2020 18:36:24 [DEBUG] Using SCOREBOARD v13 (ANTI_FLICKER_V3 for 1.8 - 1.12)
06/07/2020 18:36:24 [INFO] Loaded 3299 of the 3299 placholders
06/07/2020 18:36:25 [DEBUG] 	Adding sub command 'debug'
06/07/2020 18:36:25 [DEBUG] 	Adding sub command 'editsetting'
06/07/2020 18:36:25 [DEBUG] 	Adding sub command 'hide'
06/07/2020 18:36:25 [DEBUG] 	Adding sub command 'parse'
06/07/2020 18:36:25 [DEBUG] 	Adding sub command 'show'
06/07/2020 18:36:25 [DEBUG] 	Adding sub command 'createscoreboard'
06/07/2020 18:36:25 [DEBUG] 	Adding sub command 'removescoreboard'
06/07/2020 18:36:25 [DEBUG] 	Adding sub command 'modules'
06/07/2020 18:36:25 [DEBUG] 	Adding sub command 'remove'
06/07/2020 18:36:25 [DEBUG] 	Adding sub command 'info'
06/07/2020 18:36:25 [DEBUG] 	Adding sub command 'add'
06/07/2020 18:36:25 [DEBUG] 	Adding sub command 'module'
06/07/2020 18:37:00 [DEBUG] Preparing scoreboard for player 'greshyme'
06/07/2020 18:37:00 [DEBUG] 	Adding objective: MVdWFB80 to player greshyme
06/07/2020 18:37:01 [DEBUG] 	Adding team: MVdWFB8010 to player greshyme
06/07/2020 18:37:01 [DEBUG] 	Adding team: MVdWFB8014 to player greshyme
06/07/2020 18:37:01 [DEBUG] 	Adding team: MVdWFB80110 to player greshyme
06/07/2020 18:37:01 [DEBUG] 	Adding team: MVdWFB8011 to player greshyme
06/07/2020 18:37:01 [DEBUG] 	Adding team: MVdWFB8012 to player greshyme
06/07/2020 18:37:01 [DEBUG] 	Adding team: MVdWFB8018 to player greshyme
06/07/2020 18:37:01 [DEBUG] 	Adding team: MVdWFB8015 to player greshyme
06/07/2020 18:37:01 [DEBUG] 	Adding team: MVdWFB8013 to player greshyme
06/07/2020 18:37:01 [DEBUG] 	Adding team: MVdWFB8019 to player greshyme
06/07/2020 18:37:01 [DEBUG] 	Adding team: MVdWFB8016 to player greshyme
06/07/2020 18:37:01 [DEBUG] 	Adding team: MVdWFB8017 to player greshyme
