27/04/2023 16:38:11 [DEBUG] Refreshing group 'default' for new custom placeholder 'fbasics_enderpearl_cooldown'
27/04/2023 16:38:04 [INFO] Loading messages ...
27/04/2023 16:38:04 [INFO] Loading language file: lang_en
27/04/2023 16:38:05 [INFO] Checking for module updates ...
27/04/2023 16:38:05 [DEBUG] Loaded placeholder: CustomPlaceholders
27/04/2023 16:38:05 [INFO] Fetching modules from server ...
27/04/2023 16:38:05 [INFO] Loading internal placeholders ...
27/04/2023 16:38:05 [INFO] Loading placeholders and event triggers ...
27/04/2023 16:38:05 [DEBUG] Loading placeholder [Armor] ...
27/04/2023 16:38:05 [INFO] Fetching available placeholders from server ...
27/04/2023 16:38:05 [DEBUG] Loading placeholder [Bukkit] ...
27/04/2023 16:38:05 [DEBUG] Loaded placeholder: armor
27/04/2023 16:38:05 [DEBUG] Loaded placeholder: MySQL
27/04/2023 16:38:06 [DEBUG] Loading placeholder [BungeeCord] ...
27/04/2023 16:38:06 [DEBUG] Loaded placeholder: bukkit
27/04/2023 16:38:06 [DEBUG] Loaded placeholder: chatreaction
27/04/2023 16:38:06 [DEBUG] Loaded placeholder: bungeecord
27/04/2023 16:38:06 [DEBUG] Loading placeholder [ChatReaction] ...
27/04/2023 16:38:06 [DEBUG] Loaded placeholder: command
27/04/2023 16:38:06 [DEBUG] Loading event hook: ChatReaction start event ...
27/04/2023 16:38:06 [DEBUG] Loaded placeholder: compass
27/04/2023 16:38:06 [DEBUG] Loading placeholder [CommandPlaceholderPack] ...
27/04/2023 16:38:06 [DEBUG] Loaded placeholder: color
27/04/2023 16:38:06 [DEBUG] Loading placeholder [Compass placeholders] ...
27/04/2023 16:38:06 [DEBUG] Loading placeholder [DeluxeTags] ...
27/04/2023 16:38:06 [DEBUG] Loaded placeholder: customlist
27/04/2023 16:38:06 [DEBUG] Loading placeholder [CustomList] ...
27/04/2023 16:38:06 [DEBUG] Loaded placeholder: deluxetags
27/04/2023 16:38:06 [DEBUG] Loading placeholder [Economy] ...
27/04/2023 16:38:06 [DEBUG] Loaded placeholder: economy
27/04/2023 16:38:06 [DEBUG] Loaded placeholder: playereffects
27/04/2023 16:38:06 [DEBUG] Loading placeholder [Entities] ...
27/04/2023 16:38:06 [DEBUG] Loaded placeholder: entities
27/04/2023 16:38:06 [DEBUG] Loading placeholder [Effects] ...
27/04/2023 16:38:06 [DEBUG] Loading placeholder [Color] ...
27/04/2023 16:38:06 [DEBUG] Loading event hook: ChatReaction start event ...
27/04/2023 16:38:06 [DEBUG] Loaded placeholder: factions1_8
27/04/2023 16:38:06 [DEBUG] Loaded placeholder: factions1_6
27/04/2023 16:38:06 [DEBUG] Loaded placeholder: firework
27/04/2023 16:38:06 [DEBUG] Loading placeholder [Essentials] ...
27/04/2023 16:38:06 [DEBUG] Loading placeholder [Factions 1.8] ...
27/04/2023 16:38:06 [DEBUG] Loading placeholder [FireworkEffect] ...
27/04/2023 16:38:06 [DEBUG] Loading placeholder [Facebook] ...
27/04/2023 16:38:06 [DEBUG] Loaded placeholder: essentials
27/04/2023 16:38:06 [DEBUG] Loading placeholder [Factions] ...
27/04/2023 16:38:06 [DEBUG] Loaded placeholder: facebook
27/04/2023 16:38:06 [DEBUG] Loading placeholder [Hotbar] ...
27/04/2023 16:38:06 [DEBUG] Loaded placeholder: geographical
27/04/2023 16:38:06 [DEBUG] Loading placeholder [Geographical] ...
27/04/2023 16:38:06 [DEBUG] Loaded placeholder: java
27/04/2023 16:38:06 [DEBUG] Loading placeholder [Memory] ...
27/04/2023 16:38:06 [DEBUG] Loaded placeholder: leaderheads
27/04/2023 16:38:06 [DEBUG] Loading placeholder [Multiverse-Core] ...
27/04/2023 16:38:06 [DEBUG] Loaded placeholder: memory
27/04/2023 16:38:06 [DEBUG] Loading placeholder [Player] ...
27/04/2023 16:38:06 [DEBUG] Loading placeholder [Permissions] ...
27/04/2023 16:38:06 [DEBUG] Loaded placeholder: multiverse
27/04/2023 16:38:06 [DEBUG] Loaded placeholder: permissions
27/04/2023 16:38:06 [DEBUG] Loaded placeholder: libsdisguises
27/04/2023 16:38:06 [DEBUG] Loading placeholder [JavaInfo] ...
27/04/2023 16:38:06 [DEBUG] Loading placeholder [LibsDisguises] ...
27/04/2023 16:38:06 [DEBUG] Loaded placeholder: hotbar
27/04/2023 16:38:06 [DEBUG] Loading placeholder [LeaderHeads] ...
27/04/2023 16:38:06 [DEBUG] Loaded placeholder: player
27/04/2023 16:38:06 [DEBUG] Loading placeholder [Previous Names] ...
27/04/2023 16:38:06 [DEBUG] Loaded placeholder: previousnames
27/04/2023 16:38:06 [DEBUG] Loading placeholder [RedisBungee] ...
27/04/2023 16:38:06 [DEBUG] Download location: /home/container/plugins/FeatherBoard/modules/relationalplayer.jar
27/04/2023 16:38:06 [DEBUG] Loading placeholder [Skript] ...
27/04/2023 16:38:06 [DEBUG] Loaded placeholder: redisbungee
27/04/2023 16:38:06 [DEBUG] Output file is: /home/container/plugins/FeatherBoard/modules/relationalplayer.jar
27/04/2023 16:38:06 [INFO] Downloading placeholder [RelationalPlayer 1.0.0] ...
27/04/2023 16:38:06 [DEBUG] Loaded placeholder: serverpinger
27/04/2023 16:38:06 [DEBUG] Loaded placeholder: relationalplayer
27/04/2023 16:38:06 [DEBUG] Loaded placeholder: sound
27/04/2023 16:38:06 [DEBUG] Downloading file: http://modules.mvdw-software.com/api/v1/moduleupdate/da4f9164-591b-4aad-a8d6-b8b67b7042d8/download?plugin=FeatherBoard&plugin-version=4.30.0&plugin-filehash=50c5ec15ea49d7db950819641fcb3892&plugin-nonce=-192142206&plugin-asmhash=1ca57338f20feb2716c70edd20a44adf&plugin-asmhash2=f5f2b22978b0bcdae9a245a62f5c9f2e&plugin-filecount=397&plugin-user=27166&server-javaversion=1.8.0_312
27/04/2023 16:38:06 [DEBUG] Loaded placeholder: statistics
27/04/2023 16:38:06 [INFO] Loading placeholder [RelationalPlayer 1.0.0] ...
27/04/2023 16:38:07 [DEBUG] Loaded placeholder: unicode
27/04/2023 16:38:07 [DEBUG] Loaded placeholder: twitter
27/04/2023 16:38:06 [DEBUG] Loading placeholder [ServerPinger] ...
27/04/2023 16:38:07 [DEBUG] Loading placeholder [VanillaEvents] ...
27/04/2023 16:38:06 [DEBUG] Loading placeholder [Twitter] ...
27/04/2023 16:38:06 [DEBUG] Loaded placeholder: tickspersecond
27/04/2023 16:38:06 [DEBUG] Loaded placeholder: skript
27/04/2023 16:38:06 [DEBUG] Loading placeholder [Statistics] ...
27/04/2023 16:38:06 [DEBUG] Downloaded file to: /home/container/plugins/FeatherBoard/modules/relationalplayer.jar
27/04/2023 16:38:07 [DEBUG] Loaded placeholder: vanillaevents
27/04/2023 16:38:07 [DEBUG] Loading event hook: Vanilla Combat hook ...
27/04/2023 16:38:07 [DEBUG] Loading event hook: Vanilla Block break hook ...
27/04/2023 16:38:07 [DEBUG] Loading event hook: Vanilla Death hook ...
27/04/2023 16:38:07 [DEBUG] Loading event hook: Vanilla player join ...
27/04/2023 16:38:07 [DEBUG] Loading event hook: Vanilla player rejoin ...
27/04/2023 16:38:07 [DEBUG] Loading event hook: Vanilla Create portal hook ...
27/04/2023 16:38:07 [DEBUG] Loading event hook: Vanilla player first join ...
27/04/2023 16:38:07 [DEBUG] Loading event hook: Vanilla Block place hook ...
27/04/2023 16:38:07 [DEBUG] Loading placeholder [Unicode Characters] ...
27/04/2023 16:38:06 [DEBUG] Loading placeholder [TicksPerSecond] ...
27/04/2023 16:38:07 [DEBUG] Loading placeholder [World] ...
27/04/2023 16:38:06 [DEBUG] Loading placeholder [Sound Effects] ...
27/04/2023 16:38:07 [DEBUG] Loading placeholder [WorldBorder] ...
27/04/2023 16:38:07 [DEBUG] Loading placeholder [WorldGuard] ...
27/04/2023 16:38:07 [DEBUG] Loading event hook: World change ...
27/04/2023 16:38:07 [DEBUG] Loaded placeholder: worldborder
27/04/2023 16:38:07 [MESSAGE] &5[&9FeatherBoard&5] &fAn update for placeholder &bStatistics&f by &bMaximvdw&f is available! [&e3.0.2&f]
27/04/2023 16:38:07 [DEBUG] Downloading file: http://modules.mvdw-software.com/api/v1/moduleupdate/56f5b599-6785-4858-a12f-f95b04a5f5f3/download?plugin=FeatherBoard&plugin-version=4.30.0&plugin-filehash=50c5ec15ea49d7db950819641fcb3892&plugin-nonce=-192142206&plugin-asmhash=1ca57338f20feb2716c70edd20a44adf&plugin-asmhash2=f5f2b22978b0bcdae9a245a62f5c9f2e&plugin-filecount=397&plugin-user=27166&server-javaversion=1.8.0_312
27/04/2023 16:38:07 [DEBUG] Loading event hook: WorldGuard Region ...
27/04/2023 16:38:07 [INFO] Checking for placeholder updates ...
27/04/2023 16:38:07 [DEBUG] Loading event hook: mcMMO Party Level up ...
27/04/2023 16:38:07 [DEBUG] Loading event hook: mcMMO Level up event ...
27/04/2023 16:38:07 [DEBUG] Loading event hook: mcMMO Level down event ...
27/04/2023 16:38:07 [DEBUG] Loading event hook: mcMMO Level up event ...
27/04/2023 16:38:07 [DEBUG] Loaded placeholder: world
27/04/2023 16:38:07 [DEBUG] Loading placeholder [mcMMO] ...
27/04/2023 16:38:07 [DEBUG] Loading event hook: mcMMO Party Level up ...
27/04/2023 16:38:07 [DEBUG] Download location: /home/container/plugins/FeatherBoard/modules/statistics.jar
27/04/2023 16:38:07 [DEBUG] Loaded placeholder: mcmmo
27/04/2023 16:38:07 [DEBUG] Loaded placeholder: statistics
27/04/2023 16:38:07 [MESSAGE] &5[&9FeatherBoard&5] &fAn update for placeholder &bColor&f by &bMaximvdw&f is available! [&e1.1.3&f]
27/04/2023 16:38:07 [DEBUG] Downloading file: http://modules.mvdw-software.com/api/v1/moduleupdate/32cde813-4fc4-40d7-b9f6-0a297939e06e/download?plugin=FeatherBoard&plugin-version=4.30.0&plugin-filehash=50c5ec15ea49d7db950819641fcb3892&plugin-nonce=-192142206&plugin-asmhash=1ca57338f20feb2716c70edd20a44adf&plugin-asmhash2=f5f2b22978b0bcdae9a245a62f5c9f2e&plugin-filecount=397&plugin-user=27166&server-javaversion=1.8.0_312
27/04/2023 16:38:07 [DEBUG] Download location: /home/container/plugins/FeatherBoard/modules/color.jar
27/04/2023 16:38:07 [MESSAGE] &5[&9FeatherBoard&5] &fAn update for placeholder &bPlayer&f by &bMaximvdw&f is available! [&e1.0.30&f]
27/04/2023 16:38:07 [DEBUG] Loaded placeholder: color
27/04/2023 16:38:07 [DEBUG] Loaded placeholder: player
27/04/2023 16:38:07 [DEBUG] Downloading file: http://modules.mvdw-software.com/api/v1/moduleupdate/eca87c03-9ca8-4678-9f8b-6657c4d466c1/download?plugin=FeatherBoard&plugin-version=4.30.0&plugin-filehash=50c5ec15ea49d7db950819641fcb3892&plugin-nonce=-192142206&plugin-asmhash=1ca57338f20feb2716c70edd20a44adf&plugin-asmhash2=f5f2b22978b0bcdae9a245a62f5c9f2e&plugin-filecount=397&plugin-user=27166&server-javaversion=1.8.0_312
27/04/2023 16:38:07 [DEBUG] Download location: /home/container/plugins/FeatherBoard/modules/redisbungee.jar
27/04/2023 16:38:07 [DEBUG] Downloading file: http://modules.mvdw-software.com/api/v1/moduleupdate/2d238d49-9a07-40cc-91a3-a1ea5da74fe1/download?plugin=FeatherBoard&plugin-version=4.30.0&plugin-filehash=50c5ec15ea49d7db950819641fcb3892&plugin-nonce=-192142206&plugin-asmhash=1ca57338f20feb2716c70edd20a44adf&plugin-asmhash2=f5f2b22978b0bcdae9a245a62f5c9f2e&plugin-filecount=397&plugin-user=27166&server-javaversion=1.8.0_312
27/04/2023 16:38:07 [MESSAGE] &5[&9FeatherBoard&5] &fAn update for placeholder &bRedisBungee&f by &bMaximvdw&f is available! [&e1.0.11&f]
27/04/2023 16:38:07 [DEBUG] Download location: /home/container/plugins/FeatherBoard/modules/player.jar
27/04/2023 16:38:07 [INFO] Creating new custom effect: example3
27/04/2023 16:38:07 [INFO] Loaded 4536 of the 4536 placholders
27/04/2023 16:38:07 [DEBUG] Loaded placeholder: redisbungee
27/04/2023 16:38:07 [INFO] Creating new custom effect: example2
27/04/2023 16:38:07 [INFO] Loading custom effect 'example1' ...
27/04/2023 16:38:07 [INFO] Loading custom effect 'example2' ...
27/04/2023 16:38:07 [DEBUG]  - Server supports Team entries
27/04/2023 16:38:07 [INFO] Creating new custom effect: example1
27/04/2023 16:38:07 [DEBUG]  - Server supports Objective entries
27/04/2023 16:38:07 [INFO] Loading custom effect 'example3' ...
27/04/2023 16:38:07 [DEBUG] Using SCOREBOARD v13 (ANTI_FLICKER_V3 for 1.8 - 1.12)
27/04/2023 16:38:08 [INFO] Loading scoreboard 'default' ...
27/04/2023 16:38:08 [DEBUG] 	Line: player-label Static: true
27/04/2023 16:38:08 [DEBUG] 	Line: header Static: true
27/04/2023 16:38:08 [DEBUG] 	Line: title Static: false
27/04/2023 16:38:08 [DEBUG] 	Line: spacer-player Static: true
27/04/2023 16:38:08 [DEBUG] 	Line: moneytimesplayed-label Static: false
27/04/2023 16:38:08 [DEBUG] 	Line: connectes-label Static: false
27/04/2023 16:38:08 [DEBUG] 	Line: player Static: false
27/04/2023 16:38:07 [DEBUG] Loading event hook: mcMMO Level down event ...
27/04/2023 16:38:08 [INFO] Using OPTIMAL as the update strategy
27/04/2023 16:38:07 [DEBUG] Loaded placeholder: worldguard
27/04/2023 16:38:08 [DEBUG] 	Line: footer Static: true
27/04/2023 16:38:08 [DEBUG] 	Line: connectes-label2 Static: true
27/04/2023 16:38:08 [INFO] Added 'PERMISSION' as the default scoreboard assign method
27/04/2023 16:38:08 [DEBUG] 	Line: moneytimesplayed-label2 Static: true
27/04/2023 16:38:08 [MESSAGE] &5[&9FeatherBoard&5] &cA new update for FeatherBoard is available for download on Spigot!
27/04/2023 16:38:08 [INFO] Toggle persistence is disabled!
27/04/2023 16:38:08 [DEBUG] 	default - 0
27/04/2023 16:38:08 [DEBUG] 	Adding sub command 'on'
27/04/2023 16:38:08 [INFO] Adding command 'featherboard'
27/04/2023 16:38:08 [DEBUG] 	Adding sub command 'about'
27/04/2023 16:38:08 [DEBUG] 	Adding sub command 'toggle'
27/04/2023 16:38:08 [DEBUG] 	Adding sub command 'debug'
27/04/2023 16:38:08 [DEBUG] 	Adding sub command 'generatebbcode'
27/04/2023 16:38:08 [DEBUG] 	Adding sub command 'help'
27/04/2023 16:38:08 [DEBUG] 	Adding sub command 'reload'
27/04/2023 16:38:08 [DEBUG] 	Adding sub command 'parse'
27/04/2023 16:38:08 [DEBUG] 	Adding sub command 'show'
27/04/2023 16:38:08 [DEBUG] 	Adding sub command 'hide'
27/04/2023 16:38:08 [DEBUG] 	Adding sub command 'reload'
27/04/2023 16:38:08 [DEBUG] 	Adding sub command 'editsetting'
27/04/2023 16:38:08 [DEBUG] 	Adding sub command 'removescoreboard'
27/04/2023 16:38:08 [DEBUG] 	Adding sub command 'gui'
27/04/2023 16:38:08 [DEBUG] Scoreboards groups sorted by priority:
27/04/2023 16:38:08 [DEBUG] 	Adding sub command 'placeholders'
27/04/2023 16:38:08 [DEBUG] 	Line: moneytimesplayed-labele Static: false
27/04/2023 16:38:08 [DEBUG] 	Line: spacer-money Static: false
27/04/2023 16:38:08 [DEBUG] 	Adding sub command 'off'
27/04/2023 16:38:08 [DEBUG] 	Adding sub command 'permissions'
27/04/2023 16:38:08 [DEBUG] 	Adding sub command 'modules'
27/04/2023 16:38:08 [DEBUG] 	Adding sub command 'createscoreboard'
27/04/2023 16:38:08 [DEBUG] 	Adding sub command 'info'
27/04/2023 16:38:08 [DEBUG] 	Adding sub command 'remove'
27/04/2023 16:38:08 [DEBUG] 	Adding sub command 'add'
27/04/2023 16:38:08 [DEBUG] 	Adding sub command 'module'
27/04/2023 16:38:27 [DEBUG] Preparing scoreboard for player 'test'
27/04/2023 16:38:27 [DEBUG] 	Adding objective: MVdWFB297 to player test
27/04/2023 16:38:28 [DEBUG] 	Adding team: MVdWFB29710 to player test
27/04/2023 16:38:28 [DEBUG] 	Adding team: MVdWFB297110 to player test
27/04/2023 16:38:28 [DEBUG] 	Adding team: MVdWFB29711 to player test
27/04/2023 16:38:28 [DEBUG] 	Adding team: MVdWFB29712 to player test
27/04/2023 16:38:28 [DEBUG] 	Adding team: MVdWFB29713 to player test
27/04/2023 16:38:28 [DEBUG] 	Adding team: MVdWFB29714 to player test
27/04/2023 16:38:28 [DEBUG] 	Adding team: MVdWFB29715 to player test
27/04/2023 16:38:28 [DEBUG] 	Adding team: MVdWFB29716 to player test
27/04/2023 16:38:28 [DEBUG] 	Adding team: MVdWFB29717 to player test
27/04/2023 16:38:28 [DEBUG] 	Adding team: MVdWFB29718 to player test
27/04/2023 16:38:28 [DEBUG] 	Adding team: MVdWFB29719 to player test
27/04/2023 16:41:09 [DEBUG] 	Removing team: MVdWFB29719 from player test
27/04/2023 16:41:09 [DEBUG] 	Removing team: MVdWFB29718 from player test
27/04/2023 16:41:09 [DEBUG] 	Removing team: MVdWFB29717 from player test
27/04/2023 16:41:09 [DEBUG] 	Removing team: MVdWFB297110 from player test
27/04/2023 16:41:09 [DEBUG] 	Removing objective: MVdWFB297 from player test
27/04/2023 16:41:09 [DEBUG] 	Removing team: MVdWFB29712 from player test
27/04/2023 16:41:09 [DEBUG] 	Removing team: MVdWFB29714 from player test
27/04/2023 16:41:09 [DEBUG] 	Removing team: MVdWFB29711 from player test
27/04/2023 16:41:09 [DEBUG] 	Removing team: MVdWFB29716 from player test
27/04/2023 16:41:09 [DEBUG] 	Removing team: MVdWFB29713 from player test
27/04/2023 16:41:09 [DEBUG] 	Removing team: MVdWFB29710 from player test
27/04/2023 16:41:09 [DEBUG] 	Removing team: MVdWFB29715 from player test
27/04/2023 16:42:59 [DEBUG] 	Adding objective: MVdWFB297 to player Nekuzaky
27/04/2023 16:42:59 [DEBUG] Preparing scoreboard for player 'Nekuzaky'
27/04/2023 16:42:59 [DEBUG] 	Adding team: MVdWFB29712 to player Nekuzaky
27/04/2023 16:42:59 [DEBUG] 	Adding team: MVdWFB29714 to player Nekuzaky
27/04/2023 16:42:59 [DEBUG] 	Adding team: MVdWFB29713 to player Nekuzaky
27/04/2023 16:42:59 [DEBUG] 	Adding team: MVdWFB29711 to player Nekuzaky
27/04/2023 16:42:59 [DEBUG] 	Adding team: MVdWFB29717 to player Nekuzaky
27/04/2023 16:42:59 [DEBUG] 	Adding team: MVdWFB29715 to player Nekuzaky
27/04/2023 16:42:59 [DEBUG] 	Adding team: MVdWFB29710 to player Nekuzaky
27/04/2023 16:42:59 [DEBUG] 	Adding team: MVdWFB29716 to player Nekuzaky
27/04/2023 16:42:59 [DEBUG] 	Adding team: MVdWFB29719 to player Nekuzaky
27/04/2023 16:42:59 [DEBUG] 	Adding team: MVdWFB29718 to player Nekuzaky
27/04/2023 16:42:59 [DEBUG] 	Adding team: MVdWFB297110 to player Nekuzaky
