27/04/2023 17:17:50 [INFO] Loading language file: lang_en
27/04/2023 17:17:50 [INFO] Loading messages ...
27/04/2023 17:17:51 [INFO] Loading placeholders and event triggers ...
27/04/2023 17:17:51 [INFO] Checking for module updates ...
27/04/2023 17:17:51 [INFO] Fetching modules from server ...
27/04/2023 17:17:51 [DEBUG] Loaded placeholder: MySQL
27/04/2023 17:17:51 [DEBUG] Loaded placeholder: CustomPlaceholders
27/04/2023 17:17:51 [INFO] Fetching available placeholders from server ...
27/04/2023 17:17:51 [INFO] Loading internal placeholders ...
27/04/2023 17:17:51 [DEBUG] Loaded placeholder: armor
27/04/2023 17:17:51 [DEBUG] Loading placeholder [Armor] ...
27/04/2023 17:17:51 [DEBUG] Loading placeholder [Bukkit] ...
27/04/2023 17:17:51 [DEBUG] Loaded placeholder: bukkit
27/04/2023 17:17:51 [DEBUG] Loading placeholder [BungeeCord] ...
27/04/2023 17:17:51 [DEBUG] Loaded placeholder: bungeecord
27/04/2023 17:17:51 [DEBUG] Loading placeholder [ChatReaction] ...
27/04/2023 17:17:51 [DEBUG] Loading event hook: ChatReaction start event ...
27/04/2023 17:17:51 [DEBUG] Loading event hook: ChatReaction start event ...
27/04/2023 17:17:51 [DEBUG] Loading placeholder [Color] ...
27/04/2023 17:17:52 [DEBUG] Loading placeholder [CommandPlaceholderPack] ...
27/04/2023 17:17:52 [DEBUG] Loaded placeholder: color
27/04/2023 17:17:52 [DEBUG] Loading placeholder [Compass placeholders] ...
27/04/2023 17:17:52 [DEBUG] Loaded placeholder: compass
27/04/2023 17:17:51 [DEBUG] Loaded placeholder: chatreaction
27/04/2023 17:17:52 [DEBUG] Loaded placeholder: command
27/04/2023 17:17:52 [DEBUG] Loading placeholder [DeluxeTags] ...
27/04/2023 17:17:52 [DEBUG] Loaded placeholder: deluxetags
27/04/2023 17:17:52 [DEBUG] Loaded placeholder: customlist
27/04/2023 17:17:52 [DEBUG] Loading placeholder [Economy] ...
27/04/2023 17:17:52 [DEBUG] Loaded placeholder: economy
27/04/2023 17:17:52 [DEBUG] Loading placeholder [Effects] ...
27/04/2023 17:17:52 [DEBUG] Loaded placeholder: playereffects
27/04/2023 17:17:52 [DEBUG] Loaded placeholder: entities
27/04/2023 17:17:52 [DEBUG] Loaded placeholder: essentials
27/04/2023 17:17:52 [DEBUG] Loaded placeholder: facebook
27/04/2023 17:17:52 [DEBUG] Loading placeholder [Essentials] ...
27/04/2023 17:17:52 [DEBUG] Loading placeholder [Facebook] ...
27/04/2023 17:17:52 [DEBUG] Loading placeholder [Entities] ...
27/04/2023 17:17:52 [DEBUG] Loading placeholder [Factions 1.8] ...
27/04/2023 17:17:52 [DEBUG] Loading placeholder [Factions] ...
27/04/2023 17:17:52 [DEBUG] Loaded placeholder: factions1_8
27/04/2023 17:17:52 [DEBUG] Loading placeholder [FireworkEffect] ...
27/04/2023 17:17:52 [DEBUG] Loading placeholder [Geographical] ...
27/04/2023 17:17:52 [DEBUG] Loaded placeholder: firework
27/04/2023 17:17:52 [DEBUG] Loaded placeholder: factions1_6
27/04/2023 17:17:52 [DEBUG] Loaded placeholder: geographical
27/04/2023 17:17:52 [DEBUG] Loading placeholder [Hotbar] ...
27/04/2023 17:17:52 [DEBUG] Loading placeholder [JavaInfo] ...
27/04/2023 17:17:52 [DEBUG] Loaded placeholder: hotbar
27/04/2023 17:17:52 [DEBUG] Loaded placeholder: java
27/04/2023 17:17:52 [DEBUG] Loaded placeholder: leaderheads
27/04/2023 17:17:52 [DEBUG] Loading placeholder [LeaderHeads] ...
27/04/2023 17:17:52 [DEBUG] Loading placeholder [LibsDisguises] ...
27/04/2023 17:17:52 [DEBUG] Loading placeholder [Memory] ...
27/04/2023 17:17:52 [DEBUG] Loaded placeholder: libsdisguises
27/04/2023 17:17:52 [DEBUG] Loaded placeholder: memory
27/04/2023 17:17:52 [DEBUG] Loading placeholder [Multiverse-Core] ...
27/04/2023 17:17:52 [DEBUG] Loaded placeholder: multiverse
27/04/2023 17:17:52 [DEBUG] Loading placeholder [Permissions] ...
27/04/2023 17:17:52 [DEBUG] Loading placeholder [Player] ...
27/04/2023 17:17:52 [DEBUG] Loaded placeholder: player
27/04/2023 17:17:52 [DEBUG] Loading placeholder [Previous Names] ...
27/04/2023 17:17:52 [DEBUG] Loaded placeholder: permissions
27/04/2023 17:17:52 [DEBUG] Loading placeholder [RedisBungee] ...
27/04/2023 17:17:52 [DEBUG] Loaded placeholder: redisbungee
27/04/2023 17:17:52 [DEBUG] Loading placeholder [RelationalPlayer] ...
27/04/2023 17:17:52 [DEBUG] Loaded placeholder: relationalplayer
27/04/2023 17:17:52 [DEBUG] Loaded placeholder: serverpinger
27/04/2023 17:17:52 [DEBUG] Loading placeholder [ServerPinger] ...
27/04/2023 17:17:52 [DEBUG] Loading placeholder [Skript] ...
27/04/2023 17:17:52 [DEBUG] Loaded placeholder: statistics
27/04/2023 17:17:52 [DEBUG] Loaded placeholder: skript
27/04/2023 17:17:52 [DEBUG] Loading placeholder [Sound Effects] ...
27/04/2023 17:17:52 [DEBUG] Loading placeholder [Twitter] ...
27/04/2023 17:17:52 [DEBUG] Loaded placeholder: tickspersecond
27/04/2023 17:17:52 [DEBUG] Loading placeholder [TicksPerSecond] ...
27/04/2023 17:17:52 [DEBUG] Loading placeholder [Statistics] ...
27/04/2023 17:17:53 [DEBUG] Loading placeholder [Unicode Characters] ...
27/04/2023 17:17:53 [DEBUG] Loaded placeholder: twitter
27/04/2023 17:17:53 [DEBUG] Loaded placeholder: unicode
27/04/2023 17:17:53 [DEBUG] Loading placeholder [VanillaEvents] ...
27/04/2023 17:17:53 [DEBUG] Loaded placeholder: vanillaevents
27/04/2023 17:17:53 [DEBUG] Loading event hook: Vanilla Block break hook ...
27/04/2023 17:17:53 [DEBUG] Loading event hook: Vanilla Block place hook ...
27/04/2023 17:17:53 [DEBUG] Loading event hook: Vanilla Create portal hook ...
27/04/2023 17:17:53 [DEBUG] Loading event hook: Vanilla Combat hook ...
27/04/2023 17:17:53 [DEBUG] Loading event hook: Vanilla player first join ...
27/04/2023 17:17:53 [DEBUG] Loading placeholder [World] ...
27/04/2023 17:17:53 [DEBUG] Loading event hook: Vanilla player rejoin ...
27/04/2023 17:17:53 [DEBUG] Loaded placeholder: world
27/04/2023 17:17:53 [DEBUG] Loading placeholder [WorldBorder] ...
27/04/2023 17:17:53 [DEBUG] Loading event hook: World change ...
27/04/2023 17:17:53 [DEBUG] Loading event hook: Vanilla player join ...
27/04/2023 17:17:53 [DEBUG] Loading event hook: Vanilla Death hook ...
27/04/2023 17:17:52 [DEBUG] Loaded placeholder: sound
27/04/2023 17:17:52 [DEBUG] Loaded placeholder: previousnames
27/04/2023 17:17:52 [DEBUG] Loading placeholder [CustomList] ...
27/04/2023 17:17:53 [DEBUG] Loading placeholder [WorldGuard] ...
27/04/2023 17:17:53 [DEBUG] Loading placeholder [mcMMO] ...
27/04/2023 17:17:53 [DEBUG] Loaded placeholder: worldguard
27/04/2023 17:17:53 [DEBUG] Loading event hook: WorldGuard Region ...
27/04/2023 17:17:53 [DEBUG] Loaded placeholder: mcmmo
27/04/2023 17:17:53 [DEBUG] Loaded placeholder: worldborder
27/04/2023 17:17:53 [DEBUG] Loading event hook: mcMMO Level up event ...
27/04/2023 17:17:53 [DEBUG] Loading event hook: mcMMO Party Level up ...
27/04/2023 17:17:53 [DEBUG] Loading event hook: mcMMO Level down event ...
27/04/2023 17:17:53 [DEBUG] Loading event hook: mcMMO Party Level up ...
27/04/2023 17:17:53 [INFO] Checking for placeholder updates ...
27/04/2023 17:17:53 [INFO] Loading custom effect 'example3' ...
27/04/2023 17:17:53 [INFO] Loading custom effect 'example1' ...
27/04/2023 17:17:53 [INFO] Creating new custom effect: example1
27/04/2023 17:17:53 [INFO] Loaded 3299 of the 3299 placholders
27/04/2023 17:17:53 [DEBUG]  - Server supports Team entries
27/04/2023 17:17:53 [INFO] Loading custom effect 'example2' ...
27/04/2023 17:17:53 [INFO] Creating new custom effect: example2
27/04/2023 17:17:54 [INFO] Using OPTIMAL as the update strategy
27/04/2023 17:17:53 [DEBUG]  - Server supports Objective entries
27/04/2023 17:17:53 [INFO] Creating new custom effect: example3
27/04/2023 17:17:54 [INFO] Loading scoreboard 'default' ...
27/04/2023 17:17:53 [DEBUG] Loading event hook: mcMMO Level up event ...
27/04/2023 17:17:53 [DEBUG] Loading event hook: mcMMO Level down event ...
27/04/2023 17:17:53 [DEBUG] Using SCOREBOARD v13 (ANTI_FLICKER_V3 for 1.8 - 1.12)
27/04/2023 17:17:54 [DEBUG] 	Line: title Static: false
27/04/2023 17:17:54 [DEBUG] 	Line: header Static: true
27/04/2023 17:17:54 [DEBUG] 	Line: player Static: false
27/04/2023 17:17:54 [DEBUG] 	Line: player-label Static: true
27/04/2023 17:17:54 [DEBUG] 	Line: connectes-label Static: false
27/04/2023 17:17:54 [DEBUG] 	Line: moneytimesplayed-labele Static: false
27/04/2023 17:17:54 [DEBUG] 	Line: moneytimesplayed-label2 Static: true
27/04/2023 17:17:54 [DEBUG] 	Line: connectes-label2 Static: true
27/04/2023 17:17:54 [DEBUG] 	Line: moneytimesplayed-label Static: false
27/04/2023 17:17:54 [DEBUG] 	Line: footer Static: true
27/04/2023 17:17:54 [DEBUG] 	Line: spacer-money Static: false
27/04/2023 17:17:54 [DEBUG] 	Line: spacer-player Static: true
27/04/2023 17:17:54 [INFO] Added 'PERMISSION' as the default scoreboard assign method
27/04/2023 17:17:54 [DEBUG] Scoreboards groups sorted by priority:
27/04/2023 17:17:54 [INFO] Adding command 'featherboard'
27/04/2023 17:17:54 [DEBUG] 	Adding sub command 'toggle'
27/04/2023 17:17:54 [DEBUG] 	Adding sub command 'on'
27/04/2023 17:17:54 [MESSAGE] &5[&9FeatherBoard&5] &cA new update for FeatherBoard is available for download on Spigot!
27/04/2023 17:17:54 [DEBUG] 	default - 0
27/04/2023 17:17:54 [INFO] Toggle persistence is disabled!
27/04/2023 17:17:54 [DEBUG] 	Adding sub command 'off'
27/04/2023 17:17:54 [DEBUG] 	Adding sub command 'gui'
27/04/2023 17:17:54 [DEBUG] 	Adding sub command 'placeholders'
27/04/2023 17:17:54 [DEBUG] 	Adding sub command 'help'
27/04/2023 17:17:54 [DEBUG] 	Adding sub command 'permissions'
27/04/2023 17:17:54 [DEBUG] 	Adding sub command 'reload'
27/04/2023 17:17:54 [DEBUG] 	Adding sub command 'about'
27/04/2023 17:17:54 [DEBUG] 	Adding sub command 'generatebbcode'
27/04/2023 17:17:54 [DEBUG] 	Adding sub command 'parse'
27/04/2023 17:17:54 [DEBUG] 	Adding sub command 'editsetting'
27/04/2023 17:17:54 [DEBUG] 	Adding sub command 'hide'
27/04/2023 17:17:54 [DEBUG] 	Adding sub command 'show'
27/04/2023 17:17:54 [DEBUG] 	Adding sub command 'createscoreboard'
27/04/2023 17:17:54 [DEBUG] 	Adding sub command 'removescoreboard'
27/04/2023 17:17:54 [DEBUG] 	Adding sub command 'debug'
27/04/2023 17:17:54 [DEBUG] 	Adding sub command 'reload'
27/04/2023 17:17:54 [DEBUG] 	Adding sub command 'add'
27/04/2023 17:17:54 [DEBUG] 	Adding sub command 'info'
27/04/2023 17:17:54 [DEBUG] 	Adding sub command 'remove'
27/04/2023 17:17:54 [DEBUG] 	Adding sub command 'module'
27/04/2023 17:17:54 [DEBUG] 	Adding sub command 'modules'
27/04/2023 17:17:56 [DEBUG] Refreshing group 'default' for new custom placeholder 'fbasics_enderpearl_cooldown'
27/04/2023 17:18:41 [DEBUG] 	Adding objective: MVdWFB670 to player Nekuzaky
27/04/2023 17:18:41 [DEBUG] Preparing scoreboard for player 'Nekuzaky'
27/04/2023 17:18:42 [DEBUG] 	Adding team: MVdWFB67010 to player Nekuzaky
27/04/2023 17:18:42 [DEBUG] 	Adding team: MVdWFB67011 to player Nekuzaky
27/04/2023 17:18:42 [DEBUG] 	Adding team: MVdWFB67012 to player Nekuzaky
27/04/2023 17:18:42 [DEBUG] 	Adding team: MVdWFB670110 to player Nekuzaky
27/04/2023 17:18:42 [DEBUG] 	Adding team: MVdWFB67018 to player Nekuzaky
27/04/2023 17:18:42 [DEBUG] 	Adding team: MVdWFB67013 to player Nekuzaky
27/04/2023 17:18:42 [DEBUG] 	Adding team: MVdWFB67019 to player Nekuzaky
27/04/2023 17:18:42 [DEBUG] 	Adding team: MVdWFB67015 to player Nekuzaky
27/04/2023 17:18:42 [DEBUG] 	Adding team: MVdWFB67016 to player Nekuzaky
27/04/2023 17:18:42 [DEBUG] 	Adding team: MVdWFB67017 to player Nekuzaky
27/04/2023 17:18:42 [DEBUG] 	Adding team: MVdWFB67014 to player Nekuzaky
27/04/2023 17:22:17 [DEBUG] 	Removing team: MVdWFB67018 from player Nekuzaky
27/04/2023 17:22:17 [DEBUG] 	Removing team: MVdWFB67016 from player Nekuzaky
27/04/2023 17:22:17 [DEBUG] 	Removing objective: MVdWFB670 from player Nekuzaky
27/04/2023 17:22:17 [DEBUG] 	Removing team: MVdWFB67015 from player Nekuzaky
27/04/2023 17:22:17 [DEBUG] 	Removing team: MVdWFB67019 from player Nekuzaky
27/04/2023 17:22:17 [DEBUG] 	Removing team: MVdWFB67017 from player Nekuzaky
27/04/2023 17:22:17 [DEBUG] 	Removing team: MVdWFB67012 from player Nekuzaky
27/04/2023 17:22:17 [DEBUG] 	Removing team: MVdWFB67013 from player Nekuzaky
27/04/2023 17:22:17 [DEBUG] 	Removing team: MVdWFB67010 from player Nekuzaky
27/04/2023 17:22:17 [DEBUG] 	Removing team: MVdWFB67011 from player Nekuzaky
27/04/2023 17:22:17 [DEBUG] 	Removing team: MVdWFB67014 from player Nekuzaky
27/04/2023 17:22:17 [DEBUG] 	Removing team: MVdWFB670110 from player Nekuzaky
27/04/2023 17:22:48 [DEBUG] Preparing scoreboard for player 'Nekuzaky'
27/04/2023 17:22:48 [DEBUG] 	Adding objective: MVdWFB670 to player Nekuzaky
27/04/2023 17:22:49 [DEBUG] 	Adding team: MVdWFB67010 to player Nekuzaky
27/04/2023 17:22:49 [DEBUG] 	Adding team: MVdWFB67016 to player Nekuzaky
27/04/2023 17:22:49 [DEBUG] 	Adding team: MVdWFB67011 to player Nekuzaky
27/04/2023 17:22:49 [DEBUG] 	Adding team: MVdWFB67018 to player Nekuzaky
27/04/2023 17:22:49 [DEBUG] 	Adding team: MVdWFB67013 to player Nekuzaky
27/04/2023 17:22:49 [DEBUG] 	Adding team: MVdWFB67012 to player Nekuzaky
27/04/2023 17:22:49 [DEBUG] 	Adding team: MVdWFB67014 to player Nekuzaky
27/04/2023 17:22:49 [DEBUG] 	Adding team: MVdWFB67019 to player Nekuzaky
27/04/2023 17:22:49 [DEBUG] 	Adding team: MVdWFB67015 to player Nekuzaky
27/04/2023 17:22:49 [DEBUG] 	Adding team: MVdWFB67017 to player Nekuzaky
27/04/2023 17:22:49 [DEBUG] 	Adding team: MVdWFB670110 to player Nekuzaky
27/04/2023 17:23:52 [DEBUG] 	Removing objective: MVdWFB670 from player Nekuzaky
27/04/2023 17:23:52 [DEBUG] 	Removing team: MVdWFB67018 from player Nekuzaky
27/04/2023 17:23:52 [DEBUG] 	Removing team: MVdWFB67019 from player Nekuzaky
27/04/2023 17:23:52 [DEBUG] 	Removing team: MVdWFB67016 from player Nekuzaky
27/04/2023 17:23:52 [DEBUG] 	Removing team: MVdWFB67017 from player Nekuzaky
27/04/2023 17:23:52 [DEBUG] 	Removing team: MVdWFB67014 from player Nekuzaky
27/04/2023 17:23:52 [DEBUG] 	Removing team: MVdWFB67015 from player Nekuzaky
27/04/2023 17:23:52 [DEBUG] 	Removing team: MVdWFB67010 from player Nekuzaky
27/04/2023 17:23:52 [DEBUG] 	Removing team: MVdWFB67012 from player Nekuzaky
27/04/2023 17:23:52 [DEBUG] 	Removing team: MVdWFB67013 from player Nekuzaky
27/04/2023 17:23:52 [DEBUG] 	Removing team: MVdWFB670110 from player Nekuzaky
27/04/2023 17:23:52 [DEBUG] 	Removing team: MVdWFB67011 from player Nekuzaky
27/04/2023 17:23:55 [DEBUG] Preparing scoreboard for player 'Nekuzaky'
27/04/2023 17:23:55 [DEBUG] 	Adding objective: MVdWFB670 to player Nekuzaky
27/04/2023 17:23:55 [DEBUG] 	Adding team: MVdWFB67017 to player Nekuzaky
27/04/2023 17:23:55 [DEBUG] 	Adding team: MVdWFB67011 to player Nekuzaky
27/04/2023 17:23:55 [DEBUG] 	Adding team: MVdWFB67010 to player Nekuzaky
27/04/2023 17:23:55 [DEBUG] 	Adding team: MVdWFB67012 to player Nekuzaky
27/04/2023 17:23:55 [DEBUG] 	Adding team: MVdWFB67013 to player Nekuzaky
27/04/2023 17:23:55 [DEBUG] 	Adding team: MVdWFB67014 to player Nekuzaky
27/04/2023 17:23:55 [DEBUG] 	Adding team: MVdWFB67015 to player Nekuzaky
27/04/2023 17:23:55 [DEBUG] 	Adding team: MVdWFB67018 to player Nekuzaky
27/04/2023 17:23:55 [DEBUG] 	Adding team: MVdWFB67016 to player Nekuzaky
27/04/2023 17:23:55 [DEBUG] 	Adding team: MVdWFB670110 to player Nekuzaky
27/04/2023 17:23:55 [DEBUG] 	Adding team: MVdWFB67019 to player Nekuzaky
27/04/2023 17:26:47 [DEBUG] 	Removing team: MVdWFB670110 from player Nekuzaky
27/04/2023 17:26:47 [DEBUG] 	Removing objective: MVdWFB670 from player Nekuzaky
27/04/2023 17:26:47 [DEBUG] 	Removing team: MVdWFB67018 from player Nekuzaky
27/04/2023 17:26:47 [DEBUG] 	Removing team: MVdWFB67019 from player Nekuzaky
27/04/2023 17:26:47 [DEBUG] 	Removing team: MVdWFB67017 from player Nekuzaky
27/04/2023 17:26:47 [DEBUG] 	Removing team: MVdWFB67016 from player Nekuzaky
27/04/2023 17:26:47 [DEBUG] 	Removing team: MVdWFB67010 from player Nekuzaky
27/04/2023 17:26:47 [DEBUG] 	Removing team: MVdWFB67014 from player Nekuzaky
27/04/2023 17:26:47 [DEBUG] 	Removing team: MVdWFB67012 from player Nekuzaky
27/04/2023 17:26:47 [DEBUG] 	Removing team: MVdWFB67013 from player Nekuzaky
27/04/2023 17:26:47 [DEBUG] 	Removing team: MVdWFB67015 from player Nekuzaky
27/04/2023 17:26:47 [DEBUG] 	Removing team: MVdWFB67011 from player Nekuzaky
27/04/2023 17:26:51 [DEBUG] Preparing scoreboard for player 'Nekuzaky'
27/04/2023 17:26:51 [DEBUG] 	Adding objective: MVdWFB670 to player Nekuzaky
27/04/2023 17:26:51 [DEBUG] 	Adding team: MVdWFB67012 to player Nekuzaky
27/04/2023 17:26:51 [DEBUG] 	Adding team: MVdWFB67011 to player Nekuzaky
27/04/2023 17:26:51 [DEBUG] 	Adding team: MVdWFB67014 to player Nekuzaky
27/04/2023 17:26:51 [DEBUG] 	Adding team: MVdWFB67010 to player Nekuzaky
27/04/2023 17:26:51 [DEBUG] 	Adding team: MVdWFB67015 to player Nekuzaky
27/04/2023 17:26:51 [DEBUG] 	Adding team: MVdWFB67013 to player Nekuzaky
27/04/2023 17:26:51 [DEBUG] 	Adding team: MVdWFB67016 to player Nekuzaky
27/04/2023 17:26:51 [DEBUG] 	Adding team: MVdWFB67017 to player Nekuzaky
27/04/2023 17:26:51 [DEBUG] 	Adding team: MVdWFB67018 to player Nekuzaky
27/04/2023 17:26:51 [DEBUG] 	Adding team: MVdWFB67019 to player Nekuzaky
27/04/2023 17:26:51 [DEBUG] 	Adding team: MVdWFB670110 to player Nekuzaky
