27/04/2023 17:17:54 [DEBUG] Loaded placeholder: CustomPlaceholders
27/04/2023 17:17:54 [DEBUG] Loaded placeholder: MySQL
27/04/2023 17:17:54 [INFO] Loading placeholders and event triggers ...
27/04/2023 17:17:54 [INFO] Fetching available placeholders from server ...
27/04/2023 17:17:55 [INFO] Creating new custom effect: warning
27/04/2023 17:17:54 [INFO] Loading internal placeholders ...
27/04/2023 17:17:55 [INFO] Loaded 3 of the 3 placholders
27/04/2023 17:17:55 [INFO] Adding team name group 'Gladiateur' ...
27/04/2023 17:17:55 [INFO] Adding team name group 'Monarque' ...
27/04/2023 17:17:55 [INFO] 	Lines: 2
27/04/2023 17:17:55 [INFO] Adding team name group 'Templier' ...
27/04/2023 17:17:55 [INFO] Adding team name group 'Empereur' ...
27/04/2023 17:17:55 [INFO] Adding team name group 'Roi' ...
27/04/2023 17:17:55 [INFO] Adding team name group 'default' ...
27/04/2023 17:17:55 [INFO] Adding team name group 'Prince' ...
27/04/2023 17:17:55 [INFO] Adding team name group 'Mod' ...
27/04/2023 17:17:55 [INFO] Preparing team names for existing online players ...
27/04/2023 17:17:55 [INFO] Loading messages ...
27/04/2023 17:17:55 [INFO] Adding team name group 'Helper' ...
27/04/2023 17:17:55 [INFO] Adding team name group 'Admin' ...
27/04/2023 17:17:55 [INFO] Loading language file: lang_en
27/04/2023 17:17:55 [INFO] Adding team name group 'YouTuber' ...
27/04/2023 17:17:55 [MESSAGE] &5[&9AnimatedNames&5] &aYour version is up to date!
27/04/2023 17:17:55 [INFO] Adding team name group 'Fondateur' ...
27/04/2023 17:17:55 [INFO] 	Arguments: 1
27/04/2023 17:17:55 [DEBUG] 	Adding sub command 'placeholders'
27/04/2023 17:17:55 [INFO] Adding command 'animatednames'
27/04/2023 17:17:55 [DEBUG] 	Adding sub command 'parse'
27/04/2023 17:17:55 [DEBUG] 	Adding sub command 'debug'
27/04/2023 17:17:55 [DEBUG] 	Adding sub command 'about'
27/04/2023 17:17:55 [DEBUG] 	Adding sub command 'reload'
27/04/2023 17:17:55 [DEBUG] 	Adding sub command 'help'
27/04/2023 17:17:55 [DEBUG] 	Adding sub command 'permissions'
27/04/2023 17:17:55 [DEBUG] 	Adding sub command 'groups'
