03/09/2018 17:51:31 [INFO] Loading placeholders and event triggers ...
03/09/2018 17:51:31 [DEBUG] Loaded placeholder: CustomPlaceholders
03/09/2018 17:51:32 [INFO] Adding team name group 'Templier' ...
03/09/2018 17:51:32 [INFO] Adding team name group 'Prince' ...
03/09/2018 17:51:32 [INFO] Loaded 3 of the 3 placholders
03/09/2018 17:51:32 [INFO] Adding team name group 'Roi' ...
03/09/2018 17:51:32 [INFO] Adding team name group 'Monarque' ...
03/09/2018 17:51:32 [INFO] Adding team name group 'Empereur' ...
03/09/2018 17:51:32 [INFO] Adding team name group 'YouTuber' ...
03/09/2018 17:51:32 [MESSAGE] &5[&9AnimatedNames&5] &aYour version is up to date!
03/09/2018 17:51:32 [INFO] Creating new custom effect: warning
03/09/2018 17:51:32 [INFO] Loading messages ...
03/09/2018 17:51:32 [INFO] Preparing team names for existing online players ...
03/09/2018 17:51:32 [INFO] Adding team name group 'Mod' ...
03/09/2018 17:51:31 [INFO] Loading internal placeholders ...
03/09/2018 17:51:32 [INFO] Adding team name group 'Admin' ...
03/09/2018 17:51:32 [INFO] Adding team name group 'Helper' ...
03/09/2018 17:51:32 [INFO] Adding team name group 'Fondateur' ...
03/09/2018 17:51:32 [INFO] Loading language file: lang_en
03/09/2018 17:51:32 [INFO] Adding command 'animatednames'
03/09/2018 17:51:32 [INFO] Adding team name group 'default' ...
03/09/2018 17:51:32 [DEBUG] 	Adding sub command 'parse'
03/09/2018 17:51:32 [DEBUG] 	Adding sub command 'placeholders'
03/09/2018 17:51:31 [DEBUG] Loaded placeholder: MySQL
03/09/2018 17:51:32 [INFO] Adding team name group 'Gladiateur' ...
03/09/2018 17:51:32 [DEBUG] 	Adding sub command 'groups'
03/09/2018 17:51:31 [INFO] Fetching available placeholders from server ...
03/09/2018 17:51:32 [INFO] 	Lines: 2
03/09/2018 17:51:32 [INFO] 	Arguments: 1
03/09/2018 17:51:32 [DEBUG] 	Adding sub command 'permissions'
03/09/2018 17:51:32 [DEBUG] 	Adding sub command 'help'
03/09/2018 17:51:32 [DEBUG] 	Adding sub command 'reload'
03/09/2018 17:51:32 [DEBUG] 	Adding sub command 'debug'
03/09/2018 17:51:32 [DEBUG] 	Adding sub command 'about'
