06/07/2020 18:36:27 [INFO] Loading placeholders and event triggers ...
06/07/2020 18:36:27 [INFO] 	Arguments: 1
06/07/2020 18:36:27 [INFO] Adding team name group 'Fondateur' ...
06/07/2020 18:36:27 [INFO] Preparing team names for existing online players ...
06/07/2020 18:36:27 [DEBUG] Loaded placeholder: MySQL
06/07/2020 18:36:27 [INFO] Fetching available placeholders from server ...
06/07/2020 18:36:27 [INFO] Loaded 3 of the 3 placholders
06/07/2020 18:36:27 [DEBUG] Loaded placeholder: CustomPlaceholders
06/07/2020 18:36:27 [INFO] Adding team name group 'Admin' ...
06/07/2020 18:36:27 [INFO] Creating new custom effect: warning
06/07/2020 18:36:27 [INFO] Adding team name group 'Mod' ...
06/07/2020 18:36:27 [INFO] Loading messages ...
06/07/2020 18:36:27 [INFO] Loading language file: lang_en
06/07/2020 18:36:27 [DEBUG] 	Adding sub command 'groups'
06/07/2020 18:36:27 [INFO] Adding team name group 'YouTuber' ...
06/07/2020 18:36:27 [DEBUG] 	Adding sub command 'reload'
06/07/2020 18:36:27 [DEBUG] 	Adding sub command 'about'
06/07/2020 18:36:27 [INFO] Adding team name group 'Monarque' ...
06/07/2020 18:36:27 [DEBUG] 	Adding sub command 'parse'
06/07/2020 18:36:27 [INFO] Adding team name group 'Templier' ...
06/07/2020 18:36:27 [INFO] 	Lines: 2
06/07/2020 18:36:27 [DEBUG] 	Adding sub command 'help'
06/07/2020 18:36:27 [INFO] Adding team name group 'Roi' ...
06/07/2020 18:36:27 [DEBUG] 	Adding sub command 'placeholders'
06/07/2020 18:36:27 [INFO] Adding team name group 'Gladiateur' ...
06/07/2020 18:36:27 [DEBUG] 	Adding sub command 'debug'
06/07/2020 18:36:27 [INFO] Adding command 'animatednames'
06/07/2020 18:36:27 [INFO] Adding team name group 'default' ...
06/07/2020 18:36:27 [INFO] Adding team name group 'Prince' ...
06/07/2020 18:36:27 [INFO] Loading internal placeholders ...
06/07/2020 18:36:27 [DEBUG] 	Adding sub command 'permissions'
06/07/2020 18:36:27 [INFO] Adding team name group 'Empereur' ...
06/07/2020 18:36:27 [MESSAGE] &5[&9AnimatedNames&5] &aYour version is up to date!
06/07/2020 18:36:27 [INFO] Adding team name group 'Helper' ...
